<doc>Hello ${name} and ${something_something.name}. Please to meet you.</doc>