<doc>Hello ${value}. Please to meet you.</doc>