<doc>Hello ${name}. Please to meet you.</doc>